# JRE version: Java(TM) SE Runtime Environment (7.0_79-b15) (build 1.7.0_79-b15)
# Java VM: Java HotSpot(TM) 64-Bit Server VM (24.79-b02 mixed mode windows-amd64 compressed oops)
Heap
 PSYoungGen      total 279040K, used 9525K [0x00000000eaa80000, 0x0000000100000000, 0x0000000100000000)
  eden space 256000K, 0% used [0x00000000eaa80000,0x00000000eaa80000,0x00000000fa480000)
  from space 23040K, 41% used [0x00000000fa480000,0x00000000fadcd758,0x00000000fbb00000)
  to   space 31744K, 0% used [0x00000000fe100000,0x00000000fe100000,0x0000000100000000)
 ParOldGen       total 79872K, used 43136K [0x00000000c0000000, 0x00000000c4e00000, 0x00000000eaa80000)
  object space 79872K, 54% used [0x00000000c0000000,0x00000000c2a20338,0x00000000c4e00000)
 PSPermGen       total 45568K, used 45223K [0x00000000b0000000, 0x00000000b5880000, 0x00000000c0000000)
  object space 45568K, 99% used [0x00000000b0000000,0x00000000b2c29db0,0x00000000b2c80000)
GC Heap History (10 events):
Event: 14.136 GC heap after
Heap after GC invocations=5 (full 0):
 PSYoungGen      total 68096K, used 2544K [0x00000000eaa80000, 0x00000000f4280000, 0x0000000100000000)
  eden space 65536K, 0% used [0x00000000eaa80000,0x00000000eaa80000,0x00000000eea80000)
  from space 2560K, 99% used [0x00000000eea80000,0x00000000eecfc010,0x00000000eed00000)
  to   space 12288K, 0% used [0x00000000f3680000,0x00000000f3680000,0x00000000f4280000)
 ParOldGen       total 42496K, used 16681K [0x00000000c0000000, 0x00000000c2980000, 0x00000000eaa80000)
  object space 42496K, 39% used [0x00000000c0000000,0x00000000c104a5f8,0x00000000c2980000)
 PSPermGen       total 23040K, used 23033K [0x00000000b0000000, 0x00000000b1680000, 0x00000000c0000000)
  object space 23040K, 99% used [0x00000000b0000000,0x00000000b167e6f0,0x00000000b1680000)
}
Event: 18.252 GC heap before
{Heap before GC invocations=6 (full 0):
 PSYoungGen      total 68096K, used 68080K [0x00000000eaa80000, 0x00000000f4280000, 0x0000000100000000)
  eden space 65536K, 100% used [0x00000000eaa80000,0x00000000eea80000,0x00000000eea80000)
  from space 2560K, 99% used [0x00000000eea80000,0x00000000eecfc010,0x00000000eed00000)
  to   space 12288K, 0% used [0x00000000f3680000,0x00000000f3680000,0x00000000f4280000)
 ParOldGen       total 42496K, used 16681K [0x00000000c0000000, 0x00000000c2980000, 0x00000000eaa80000)
  object space 42496K, 39% used [0x00000000c0000000,0x00000000c104a5f8,0x00000000c2980000)
 PSPermGen       total 26112K, used 26000K [0x00000000b0000000, 0x00000000b1980000, 0x00000000c0000000)
  object space 26112K, 99% used [0x00000000b0000000,0x00000000b1964250,0x00000000b1980000)
Event: 18.266 GC heap after
Heap after GC invocations=6 (full 0):
 PSYoungGen      total 141312K, used 5761K [0x00000000eaa80000, 0x00000000f4080000, 0x0000000100000000)
  eden space 131072K, 0% used [0x00000000eaa80000,0x00000000eaa80000,0x00000000f2a80000)
  from space 10240K, 56% used [0x00000000f3680000,0x00000000f3c20458,0x00000000f4080000)
  to   space 11264K, 0% used [0x00000000f2a80000,0x00000000f2a80000,0x00000000f3580000)
 ParOldGen       total 42496K, used 16753K [0x00000000c0000000, 0x00000000c2980000, 0x00000000eaa80000)
  object space 42496K, 39% used [0x00000000c0000000,0x00000000c105c608,0x00000000c2980000)
 PSPermGen       total 26112K, used 26000K [0x00000000b0000000, 0x00000000b1980000, 0x00000000c0000000)
  object space 26112K, 99% used [0x00000000b0000000,0x00000000b1964250,0x00000000b1980000)
}
Event: 23.618 GC heap before
{Heap before GC invocations=7 (full 0):
 PSYoungGen      total 141312K, used 136833K [0x00000000eaa80000, 0x00000000f4080000, 0x0000000100000000)
  eden space 131072K, 100% used [0x00000000eaa80000,0x00000000f2a80000,0x00000000f2a80000)
  from space 10240K, 56% used [0x00000000f3680000,0x00000000f3c20458,0x00000000f4080000)
  to   space 11264K, 0% used [0x00000000f2a80000,0x00000000f2a80000,0x00000000f3580000)
 ParOldGen       total 42496K, used 16753K [0x00000000c0000000, 0x00000000c2980000, 0x00000000eaa80000)
  object space 42496K, 39% used [0x00000000c0000000,0x00000000c105c608,0x00000000c2980000)
 PSPermGen       total 37376K, used 36913K [0x00000000b0000000, 0x00000000b2480000, 0x00000000c0000000)
  object space 37376K, 98% used [0x00000000b0000000,0x00000000b240c588,0x00000000b2480000)
Event: 23.694 GC heap after
Heap after GC invocations=7 (full 0):
 PSYoungGen      total 142336K, used 11251K [0x00000000eaa80000, 0x00000000fcb80000, 0x0000000100000000)
  eden space 131072K, 0% used [0x00000000eaa80000,0x00000000eaa80000,0x00000000f2a80000)
  from space 11264K, 99% used [0x00000000f2a80000,0x00000000f357cd88,0x00000000f3580000)
  to   space 16896K, 0% used [0x00000000fbb00000,0x00000000fbb00000,0x00000000fcb80000)
 ParOldGen       total 42496K, used 23950K [0x00000000c0000000, 0x00000000c2980000, 0x00000000eaa80000)
  object space 42496K, 56% used [0x00000000c0000000,0x00000000c1763ae0,0x00000000c2980000)
 PSPermGen       total 37376K, used 36913K [0x00000000b0000000, 0x00000000b2480000, 0x00000000c0000000)
  object space 37376K, 98% used [0x00000000b0000000,0x00000000b240c588,0x00000000b2480000)
}
Event: 29.930 GC heap before
{Heap before GC invocations=8 (full 0):
 PSYoungGen      total 142336K, used 142323K [0x00000000eaa80000, 0x00000000fcb80000, 0x0000000100000000)
  eden space 131072K, 100% used [0x00000000eaa80000,0x00000000f2a80000,0x00000000f2a80000)
  from space 11264K, 99% used [0x00000000f2a80000,0x00000000f357cd88,0x00000000f3580000)
  to   space 16896K, 0% used [0x00000000fbb00000,0x00000000fbb00000,0x00000000fcb80000)
 ParOldGen       total 42496K, used 23950K [0x00000000c0000000, 0x00000000c2980000, 0x00000000eaa80000)
  object space 42496K, 56% used [0x00000000c0000000,0x00000000c1763ae0,0x00000000c2980000)
 PSPermGen       total 40960K, used 40656K [0x00000000b0000000, 0x00000000b2800000, 0x00000000c0000000)
  object space 40960K, 99% used [0x00000000b0000000,0x00000000b27b4118,0x00000000b2800000)
Event: 31.352 GC heap after
Heap after GC invocations=8 (full 0):
 PSYoungGen      total 272896K, used 16878K [0x00000000eaa80000, 0x00000000fd780000, 0x0000000100000000)
  eden space 256000K, 0% used [0x00000000eaa80000,0x00000000eaa80000,0x00000000fa480000)
  from space 16896K, 99% used [0x00000000fbb00000,0x00000000fcb7b9e0,0x00000000fcb80000)
  to   space 23040K, 0% used [0x00000000fa480000,0x00000000fa480000,0x00000000fbb00000)
 ParOldGen       total 42496K, used 31088K [0x00000000c0000000, 0x00000000c2980000, 0x00000000eaa80000)
  object space 42496K, 73% used [0x00000000c0000000,0x00000000c1e5c1c8,0x00000000c2980000)
 PSPermGen       total 40960K, used 40656K [0x00000000b0000000, 0x00000000b2800000, 0x00000000c0000000)
  object space 40960K, 99% used [0x00000000b0000000,0x00000000b27b4118,0x00000000b2800000)
}
Event: 115.004 GC heap before
{Heap before GC invocations=9 (full 0):
 PSYoungGen      total 272896K, used 272878K [0x00000000eaa80000, 0x00000000fd780000, 0x0000000100000000)
  eden space 256000K, 100% used [0x00000000eaa80000,0x00000000fa480000,0x00000000fa480000)
  from space 16896K, 99% used [0x00000000fbb00000,0x00000000fcb7b9e0,0x00000000fcb80000)
  to   space 23040K, 0% used [0x00000000fa480000,0x00000000fa480000,0x00000000fbb00000)
 ParOldGen       total 42496K, used 31088K [0x00000000c0000000, 0x00000000c2980000, 0x00000000eaa80000)
  object space 42496K, 73% used [0x00000000c0000000,0x00000000c1e5c1c8,0x00000000c2980000)
 PSPermGen       total 45568K, used 45249K [0x00000000b0000000, 0x00000000b2c80000, 0x00000000c0000000)
  object space 45568K, 99% used [0x00000000b0000000,0x00000000b2c304a0,0x00000000b2c80000)
Event: 118.269 GC heap after
Heap after GC invocations=9 (full 0):
 PSYoungGen      total 279040K, used 23034K [0x00000000eaa80000, 0x0000000100000000, 0x0000000100000000)
  eden space 256000K, 0% used [0x00000000eaa80000,0x00000000eaa80000,0x00000000fa480000)
  from space 23040K, 99% used [0x00000000fa480000,0x00000000fbafe9f0,0x00000000fbb00000)
  to   space 31744K, 0% used [0x00000000fe100000,0x00000000fe100000,0x0000000100000000)
 ParOldGen       total 43520K, used 43513K [0x00000000c0000000, 0x00000000c2a80000, 0x00000000eaa80000)
  object space 43520K, 99% used [0x00000000c0000000,0x00000000c2a7e4e8,0x00000000c2a80000)
 PSPermGen       total 45568K, used 45249K [0x00000000b0000000, 0x00000000b2c80000, 0x00000000c0000000)
  object space 45568K, 99% used [0x00000000b0000000,0x00000000b2c304a0,0x00000000b2c80000)
}
Event: 118.269 GC heap before
{Heap before GC invocations=10 (full 1):
 PSYoungGen      total 279040K, used 23034K [0x00000000eaa80000, 0x0000000100000000, 0x0000000100000000)
  eden space 256000K, 0% used [0x00000000eaa80000,0x00000000eaa80000,0x00000000fa480000)
  from space 23040K, 99% used [0x00000000fa480000,0x00000000fbafe9f0,0x00000000fbb00000)
  to   space 31744K, 0% used [0x00000000fe100000,0x00000000fe100000,0x0000000100000000)
 ParOldGen       total 43520K, used 43513K [0x00000000c0000000, 0x00000000c2a80000, 0x00000000eaa80000)
  object space 43520K, 99% used [0x00000000c0000000,0x00000000c2a7e4e8,0x00000000c2a80000)
 PSPermGen       total 45568K, used 45249K [0x00000000b0000000, 0x00000000b2c80000, 0x00000000c0000000)
  object space 45568K, 99% used [0x00000000b0000000,0x00000000b2c304a0,0x00000000b2c80000)

